[21-Apr-2026 17:48:47 America/Sao_Paulo] PHP Deprecated:  Methods with the same name as their class will not be constructors in a future version of PHP; ADOConnection has a deprecated constructor in /var/www/html/lib/adodb/adodb.inc.php on line 237
[21-Apr-2026 17:48:47 America/Sao_Paulo] PHP Deprecated:  Methods with the same name as their class will not be constructors in a future version of PHP; ADORecordSet has a deprecated constructor in /var/www/html/lib/adodb/adodb.inc.php on line 2712
[21-Apr-2026 17:48:47 America/Sao_Paulo] PHP Deprecated:  Methods with the same name as their class will not be constructors in a future version of PHP; ADORecordSet_array has a deprecated constructor in /var/www/html/lib/adodb/adodb.inc.php on line 3717
[21-Apr-2026 17:48:47 America/Sao_Paulo] PHP Deprecated:  Methods with the same name as their class will not be constructors in a future version of PHP; meu_acl has a deprecated constructor in /var/www/html/classes/permissoes.class.php on line 27
[21-Apr-2026 17:48:47 America/Sao_Paulo] PHP Deprecated:  Methods with the same name as their class will not be constructors in a future version of PHP; gacl has a deprecated constructor in /var/www/html/classes/phpgacl/gacl.class.php on line 14
[21-Apr-2026 17:48:47 America/Sao_Paulo] PHP Parse error:  syntax error, unexpected 'else' (T_ELSE) in /var/www/html/classes/BDConsulta.class.php on line 564
[21-Apr-2026 17:50:58 America/Sao_Paulo] PHP Deprecated:  Methods with the same name as their class will not be constructors in a future version of PHP; ADOConnection has a deprecated constructor in /var/www/html/lib/adodb/adodb.inc.php on line 237
[21-Apr-2026 17:50:58 America/Sao_Paulo] PHP Deprecated:  Methods with the same name as their class will not be constructors in a future version of PHP; ADORecordSet has a deprecated constructor in /var/www/html/lib/adodb/adodb.inc.php on line 2712
[21-Apr-2026 17:50:58 America/Sao_Paulo] PHP Deprecated:  Methods with the same name as their class will not be constructors in a future version of PHP; ADORecordSet_array has a deprecated constructor in /var/www/html/lib/adodb/adodb.inc.php on line 3717
[21-Apr-2026 17:50:59 America/Sao_Paulo] PHP Deprecated:  Methods with the same name as their class will not be constructors in a future version of PHP; meu_acl has a deprecated constructor in /var/www/html/classes/permissoes.class.php on line 27
[21-Apr-2026 17:50:59 America/Sao_Paulo] PHP Deprecated:  Methods with the same name as their class will not be constructors in a future version of PHP; gacl has a deprecated constructor in /var/www/html/classes/phpgacl/gacl.class.php on line 14
[21-Apr-2026 17:50:59 America/Sao_Paulo] PHP Deprecated:  Methods with the same name as their class will not be constructors in a future version of PHP; BDConsulta has a deprecated constructor in /var/www/html/classes/BDConsulta.class.php on line 26
[21-Apr-2026 17:50:59 America/Sao_Paulo] PHP Deprecated:  Methods with the same name as their class will not be constructors in a future version of PHP; EventoFila has a deprecated constructor in /var/www/html/classes/evento_recorrencia.class.php on line 21
[21-Apr-2026 17:50:59 America/Sao_Paulo] PHP Warning:  session_name(): Cannot change session name when headers already sent in /var/www/html/incluir/sessao.php on line 173
[21-Apr-2026 17:50:59 America/Sao_Paulo] PHP Warning:  session_set_save_handler(): Cannot change save handler when headers already sent in /var/www/html/incluir/sessao.php on line 178
[21-Apr-2026 17:50:59 America/Sao_Paulo] PHP Warning:  session_set_cookie_params(): Cannot change session cookie parameters when headers already sent in /var/www/html/incluir/sessao.php on line 197
[21-Apr-2026 17:50:59 America/Sao_Paulo] PHP Warning:  session_start(): Cannot start session when headers already sent in /var/www/html/incluir/sessao.php on line 198
[21-Apr-2026 17:50:59 America/Sao_Paulo] PHP Warning:  Cannot modify header information - headers already sent by (output started at /var/www/html/lib/adodb/adodb.inc.php:237) in /var/www/html/index.php on line 72
[21-Apr-2026 17:50:59 America/Sao_Paulo] PHP Warning:  Cannot modify header information - headers already sent by (output started at /var/www/html/lib/adodb/adodb.inc.php:237) in /var/www/html/index.php on line 73
[21-Apr-2026 17:50:59 America/Sao_Paulo] PHP Warning:  Cannot modify header information - headers already sent by (output started at /var/www/html/lib/adodb/adodb.inc.php:237) in /var/www/html/index.php on line 74
[21-Apr-2026 17:50:59 America/Sao_Paulo] PHP Warning:  Cannot modify header information - headers already sent by (output started at /var/www/html/lib/adodb/adodb.inc.php:237) in /var/www/html/index.php on line 75
[21-Apr-2026 17:50:59 America/Sao_Paulo] PHP Deprecated:  Methods with the same name as their class will not be constructors in a future version of PHP; Date has a deprecated constructor in /var/www/html/lib/PEAR/Date.php on line 42
[21-Apr-2026 17:50:59 America/Sao_Paulo] PHP Deprecated:  Methods with the same name as their class will not be constructors in a future version of PHP; Date_TimeZone has a deprecated constructor in /var/www/html/lib/PEAR/Date/TimeZone.php on line 30
[21-Apr-2026 17:50:59 America/Sao_Paulo] PHP Deprecated:  Array and string offset access syntax with curly braces is deprecated in /var/www/html/lib/PEAR/Date/Span.php on line 252
[21-Apr-2026 17:50:59 America/Sao_Paulo] PHP Deprecated:  Array and string offset access syntax with curly braces is deprecated in /var/www/html/lib/PEAR/Date/Span.php on line 254
[21-Apr-2026 17:50:59 America/Sao_Paulo] PHP Deprecated:  Array and string offset access syntax with curly braces is deprecated in /var/www/html/lib/PEAR/Date/Span.php on line 562
[21-Apr-2026 17:50:59 America/Sao_Paulo] PHP Deprecated:  Array and string offset access syntax with curly braces is deprecated in /var/www/html/lib/PEAR/Date/Span.php on line 564
[21-Apr-2026 17:50:59 America/Sao_Paulo] PHP Deprecated:  Methods with the same name as their class will not be constructors in a future version of PHP; Data_Intervalo has a deprecated constructor in /var/www/html/lib/PEAR/Date/Span.php on line 73
[21-Apr-2026 17:50:59 America/Sao_Paulo] PHP Warning:  Cannot modify header information - headers already sent by (output started at /var/www/html/lib/adodb/adodb.inc.php:237) in /var/www/html/index.php on line 174
[21-Apr-2026 17:51:18 America/Sao_Paulo] PHP Deprecated:  Methods with the same name as their class will not be constructors in a future version of PHP; ADOConnection has a deprecated constructor in /var/www/html/lib/adodb/adodb.inc.php on line 237
[21-Apr-2026 17:51:18 America/Sao_Paulo] PHP Deprecated:  Methods with the same name as their class will not be constructors in a future version of PHP; ADORecordSet has a deprecated constructor in /var/www/html/lib/adodb/adodb.inc.php on line 2712
[21-Apr-2026 17:51:18 America/Sao_Paulo] PHP Deprecated:  Methods with the same name as their class will not be constructors in a future version of PHP; ADORecordSet_array has a deprecated constructor in /var/www/html/lib/adodb/adodb.inc.php on line 3717
[21-Apr-2026 17:51:18 America/Sao_Paulo] PHP Deprecated:  Methods with the same name as their class will not be constructors in a future version of PHP; meu_acl has a deprecated constructor in /var/www/html/classes/permissoes.class.php on line 27
[21-Apr-2026 17:51:18 America/Sao_Paulo] PHP Deprecated:  Methods with the same name as their class will not be constructors in a future version of PHP; gacl has a deprecated constructor in /var/www/html/classes/phpgacl/gacl.class.php on line 14
[21-Apr-2026 17:51:18 America/Sao_Paulo] PHP Deprecated:  Methods with the same name as their class will not be constructors in a future version of PHP; BDConsulta has a deprecated constructor in /var/www/html/classes/BDConsulta.class.php on line 26
[21-Apr-2026 17:51:18 America/Sao_Paulo] PHP Deprecated:  Methods with the same name as their class will not be constructors in a future version of PHP; EventoFila has a deprecated constructor in /var/www/html/classes/evento_recorrencia.class.php on line 21
[21-Apr-2026 17:51:18 America/Sao_Paulo] PHP Warning:  session_name(): Cannot change session name when headers already sent in /var/www/html/incluir/sessao.php on line 173
[21-Apr-2026 17:51:18 America/Sao_Paulo] PHP Warning:  session_set_save_handler(): Cannot change save handler when headers already sent in /var/www/html/incluir/sessao.php on line 178
[21-Apr-2026 17:51:18 America/Sao_Paulo] PHP Warning:  session_set_cookie_params(): Cannot change session cookie parameters when headers already sent in /var/www/html/incluir/sessao.php on line 197
[21-Apr-2026 17:51:18 America/Sao_Paulo] PHP Warning:  session_start(): Cannot start session when headers already sent in /var/www/html/incluir/sessao.php on line 198
[21-Apr-2026 17:51:18 America/Sao_Paulo] PHP Warning:  Cannot modify header information - headers already sent by (output started at /var/www/html/lib/adodb/adodb.inc.php:237) in /var/www/html/index.php on line 72
[21-Apr-2026 17:51:18 America/Sao_Paulo] PHP Warning:  Cannot modify header information - headers already sent by (output started at /var/www/html/lib/adodb/adodb.inc.php:237) in /var/www/html/index.php on line 73
[21-Apr-2026 17:51:18 America/Sao_Paulo] PHP Warning:  Cannot modify header information - headers already sent by (output started at /var/www/html/lib/adodb/adodb.inc.php:237) in /var/www/html/index.php on line 74
[21-Apr-2026 17:51:18 America/Sao_Paulo] PHP Warning:  Cannot modify header information - headers already sent by (output started at /var/www/html/lib/adodb/adodb.inc.php:237) in /var/www/html/index.php on line 75
[21-Apr-2026 17:51:18 America/Sao_Paulo] PHP Deprecated:  Methods with the same name as their class will not be constructors in a future version of PHP; Date has a deprecated constructor in /var/www/html/lib/PEAR/Date.php on line 42
[21-Apr-2026 17:51:18 America/Sao_Paulo] PHP Deprecated:  Methods with the same name as their class will not be constructors in a future version of PHP; Date_TimeZone has a deprecated constructor in /var/www/html/lib/PEAR/Date/TimeZone.php on line 30
[21-Apr-2026 17:51:18 America/Sao_Paulo] PHP Deprecated:  Array and string offset access syntax with curly braces is deprecated in /var/www/html/lib/PEAR/Date/Span.php on line 252
[21-Apr-2026 17:51:18 America/Sao_Paulo] PHP Deprecated:  Array and string offset access syntax with curly braces is deprecated in /var/www/html/lib/PEAR/Date/Span.php on line 254
[21-Apr-2026 17:51:18 America/Sao_Paulo] PHP Deprecated:  Array and string offset access syntax with curly braces is deprecated in /var/www/html/lib/PEAR/Date/Span.php on line 562
[21-Apr-2026 17:51:18 America/Sao_Paulo] PHP Deprecated:  Array and string offset access syntax with curly braces is deprecated in /var/www/html/lib/PEAR/Date/Span.php on line 564
[21-Apr-2026 17:51:18 America/Sao_Paulo] PHP Deprecated:  Methods with the same name as their class will not be constructors in a future version of PHP; Data_Intervalo has a deprecated constructor in /var/www/html/lib/PEAR/Date/Span.php on line 73
[21-Apr-2026 17:51:19 America/Sao_Paulo] PHP Deprecated:  Methods with the same name as their class will not be constructors in a future version of PHP; PostNukeAutenticador has a deprecated constructor in /var/www/html/classes/autenticacao.class.php on line 42
[21-Apr-2026 17:51:19 America/Sao_Paulo] PHP Deprecated:  Methods with the same name as their class will not be constructors in a future version of PHP; LDAPAutenticador has a deprecated constructor in /var/www/html/classes/autenticacao.class.php on line 165
[21-Apr-2026 17:51:19 America/Sao_Paulo] PHP Notice:  Trying to access array offset on value of type bool in /var/www/html/classes/ui.class.php on line 606
[21-Apr-2026 17:51:19 America/Sao_Paulo] PHP Warning:  count(): Parameter must be an array or an object that implements Countable in /var/www/html/classes/ui.class.php on line 1099
[21-Apr-2026 17:51:19 America/Sao_Paulo] PHP Warning:  Cannot modify header information - headers already sent by (output started at /var/www/html/lib/adodb/adodb.inc.php:237) in /var/www/html/incluir/funcoes_principais.php on line 13799
[21-Apr-2026 17:51:19 America/Sao_Paulo] PHP Warning:  Cannot modify header information - headers already sent by (output started at /var/www/html/lib/adodb/adodb.inc.php:237) in /var/www/html/index.php on line 233
[21-Apr-2026 17:51:19 America/Sao_Paulo] PHP Deprecated:  __autoload() is deprecated, use spl_autoload_register() instead in /var/www/html/lib/PHPMailer/PHPMailerAutoload.php on line 45
[21-Apr-2026 17:51:19 America/Sao_Paulo] PHP Deprecated:  Methods with the same name as their class will not be constructors in a future version of PHP; xajax has a deprecated constructor in /var/www/html/lib/xajax/xajax_core/xajax.inc.php on line 58
[21-Apr-2026 17:51:19 America/Sao_Paulo] PHP Deprecated:  Methods with the same name as their class will not be constructors in a future version of PHP; xajaxPluginManager has a deprecated constructor in /var/www/html/lib/xajax/xajax_core/xajaxPluginManager.inc.php on line 28
[21-Apr-2026 17:51:19 America/Sao_Paulo] PHP Deprecated:  Methods with the same name as their class will not be constructors in a future version of PHP; xajaxLanguageManager has a deprecated constructor in /var/www/html/lib/xajax/xajax_core/xajaxLanguageManager.inc.php on line 30
[21-Apr-2026 17:51:19 America/Sao_Paulo] PHP Deprecated:  Methods with the same name as their class will not be constructors in a future version of PHP; xajaxArgumentManager has a deprecated constructor in /var/www/html/lib/xajax/xajax_core/xajaxArgumentManager.inc.php on line 33
[21-Apr-2026 17:51:19 America/Sao_Paulo] PHP Deprecated:  Methods with the same name as their class will not be constructors in a future version of PHP; xajaxResponseManager has a deprecated constructor in /var/www/html/lib/xajax/xajax_core/xajaxResponseManager.inc.php on line 29
[21-Apr-2026 17:51:19 America/Sao_Paulo] PHP Deprecated:  Methods with the same name as their class will not be constructors in a future version of PHP; xajaxRequest has a deprecated constructor in /var/www/html/lib/xajax/xajax_core/xajaxRequest.inc.php on line 64
[21-Apr-2026 17:51:19 America/Sao_Paulo] PHP Deprecated:  Methods with the same name as their class will not be constructors in a future version of PHP; xajaxCustomRequest has a deprecated constructor in /var/www/html/lib/xajax/xajax_core/xajaxRequest.inc.php on line 291
[21-Apr-2026 17:51:19 America/Sao_Paulo] PHP Deprecated:  Methods with the same name as their class will not be constructors in a future version of PHP; xajaxResponse has a deprecated constructor in /var/www/html/lib/xajax/xajax_core/xajaxResponse.inc.php on line 40
[21-Apr-2026 17:51:19 America/Sao_Paulo] PHP Deprecated:  Methods with the same name as their class will not be constructors in a future version of PHP; xajaxCustomResponse has a deprecated constructor in /var/www/html/lib/xajax/xajax_core/xajaxResponse.inc.php on line 1801
[21-Apr-2026 17:51:19 America/Sao_Paulo] PHP Deprecated:  Methods with the same name as their class will not be constructors in a future version of PHP; xajaxCallableObjectPlugin has a deprecated constructor in /var/www/html/lib/xajax/xajax_core/plugin_layer/xajaxCallableObjectPlugin.inc.php on line 35
[21-Apr-2026 17:51:19 America/Sao_Paulo] PHP Deprecated:  Methods with the same name as their class will not be constructors in a future version of PHP; xajaxCallableObject has a deprecated constructor in /var/www/html/lib/xajax/xajax_core/plugin_layer/support/xajaxCallableObject.inc.php on line 29
[21-Apr-2026 17:51:19 America/Sao_Paulo] PHP Notice:  Only variables should be passed by reference in /var/www/html/lib/xajax/xajax_core/plugin_layer/xajaxCallableObjectPlugin.inc.php on line 219
[21-Apr-2026 17:51:19 America/Sao_Paulo] PHP Deprecated:  Methods with the same name as their class will not be constructors in a future version of PHP; xajaxIncludeClientScriptPlugin has a deprecated constructor in /var/www/html/lib/xajax/xajax_core/plugin_layer/xajaxDefaultIncludePlugin.inc.php on line 29
[21-Apr-2026 17:51:19 America/Sao_Paulo] PHP Notice:  Only variables should be passed by reference in /var/www/html/lib/xajax/xajax_core/plugin_layer/xajaxDefaultIncludePlugin.inc.php on line 353
[21-Apr-2026 17:51:19 America/Sao_Paulo] PHP Deprecated:  Methods with the same name as their class will not be constructors in a future version of PHP; xajaxEventPlugin has a deprecated constructor in /var/www/html/lib/xajax/xajax_core/plugin_layer/xajaxEventPlugin.inc.php on line 43
[21-Apr-2026 17:51:19 America/Sao_Paulo] PHP Deprecated:  Methods with the same name as their class will not be constructors in a future version of PHP; xajaxEvent has a deprecated constructor in /var/www/html/lib/xajax/xajax_core/plugin_layer/support/xajaxEvent.inc.php on line 32
[21-Apr-2026 17:51:19 America/Sao_Paulo] PHP Deprecated:  Methods with the same name as their class will not be constructors in a future version of PHP; xajaxUserFunction has a deprecated constructor in /var/www/html/lib/xajax/xajax_core/plugin_layer/support/xajaxUserFunction.inc.php on line 31
[21-Apr-2026 17:51:19 America/Sao_Paulo] PHP Notice:  Only variables should be passed by reference in /var/www/html/lib/xajax/xajax_core/plugin_layer/xajaxEventPlugin.inc.php on line 229
[21-Apr-2026 17:51:19 America/Sao_Paulo] PHP Deprecated:  Methods with the same name as their class will not be constructors in a future version of PHP; xajaxFunctionPlugin has a deprecated constructor in /var/www/html/lib/xajax/xajax_core/plugin_layer/xajaxFunctionPlugin.inc.php on line 37
[21-Apr-2026 17:51:19 America/Sao_Paulo] PHP Notice:  Only variables should be passed by reference in /var/www/html/lib/xajax/xajax_core/plugin_layer/xajaxFunctionPlugin.inc.php on line 231
[21-Apr-2026 17:51:19 America/Sao_Paulo] PHP Deprecated:  Methods with the same name as their class will not be constructors in a future version of PHP; xajaxScriptPlugin has a deprecated constructor in /var/www/html/lib/xajax/xajax_core/plugin_layer/xajaxScriptPlugin.inc.php on line 29
[21-Apr-2026 17:51:19 America/Sao_Paulo] PHP Notice:  Only variables should be passed by reference in /var/www/html/lib/xajax/xajax_core/plugin_layer/xajaxScriptPlugin.inc.php on line 266
[21-Apr-2026 21:15:43 UTC] PHP Parse error:  syntax error, unexpected 'Estratégica' (T_STRING) in /var/www/html/index.php on line 53
